SmartMirror/app/build/intermediates/manifest_merge_blame_file/release/manifest-merger-blame-release-report.txt
1<?xml version="1.0" encoding="utf-8"?>
2<manifest xmlns:android="http://schemas.android.com/apk/res/android"
3    package="com.cookandroid.smartmirror"
4    android:versionCode="1"
5    android:versionName="1.0" >
6
7    <uses-sdk
8        android:minSdkVersion="27"
8-->src\main\AndroidManifest.xml
9        android:targetSdkVersion="31" />
9-->src\main\AndroidManifest.xml
10
11    <uses-permission android:name="android.permission.INTERNET" />
11-->src\main\AndroidManifest.xml:5:5-67
11-->src\main\AndroidManifest.xml:5:22-64
12
13    <application
13-->src\main\AndroidManifest.xml:7:5-65:19
14        android:name="com.cookandroid.smartmirror.dataClass.MyApplication"
14-->src\main\AndroidManifest.xml:8:9-48
15        android:allowBackup="true"
15-->src\main\AndroidManifest.xml:9:9-35
16        android:appComponentFactory="androidx.core.app.CoreComponentFactory"
16-->[androidx.core:core:1.7.0] AndroidManifest.xml:24:18-86
17        android:extractNativeLibs="false"
18        android:icon="@mipmap/ic_launcher_mirror"
18-->src\main\AndroidManifest.xml:10:9-50
19        android:label="@string/app_name"
19-->src\main\AndroidManifest.xml:11:9-41
20        android:roundIcon="@mipmap/ic_launcher_mirror_round"
20-->src\main\AndroidManifest.xml:12:9-61
21        android:supportsRtl="true"
21-->src\main\AndroidManifest.xml:13:9-35
22        android:theme="@style/Theme.AppCompat.Light.NoActionBar"
22-->src\main\AndroidManifest.xml:14:9-65
23        android:usesCleartextTraffic="true" >
23-->src\main\AndroidManifest.xml:15:9-44
24        <activity
24-->src\main\AndroidManifest.xml:16:9-25:20
25            android:name="com.cookandroid.smartmirror.activities.SplashActivity"
25-->src\main\AndroidManifest.xml:17:13-54
26            android:exported="true"
26-->src\main\AndroidManifest.xml:19:13-36
27            android:theme="@style/SplashTheme" >
27-->src\main\AndroidManifest.xml:18:13-47
28            <intent-filter>
28-->src\main\AndroidManifest.xml:20:13-24:29
29                <action android:name="android.intent.action.MAIN" />
29-->src\main\AndroidManifest.xml:21:17-69
29-->src\main\AndroidManifest.xml:21:25-66
30
31                <category android:name="android.intent.category.LAUNCHER" />
31-->src\main\AndroidManifest.xml:23:17-77
31-->src\main\AndroidManifest.xml:23:27-74
32            </intent-filter>
33        </activity>
34        <activity
34-->src\main\AndroidManifest.xml:26:9-29:55
35            android:name="com.cookandroid.smartmirror.activities.AddAndSearchStockActivity"
35-->src\main\AndroidManifest.xml:27:13-65
36            android:exported="false"
36-->src\main\AndroidManifest.xml:28:13-37
37            android:windowSoftInputMode="adjustPan" />
37-->src\main\AndroidManifest.xml:29:13-52
38        <activity
38-->src\main\AndroidManifest.xml:30:9-33:55
39            android:name="com.cookandroid.smartmirror.activities.BelongingSetAddActivity"
39-->src\main\AndroidManifest.xml:31:13-63
40            android:exported="false"
40-->src\main\AndroidManifest.xml:32:13-37
41            android:windowSoftInputMode="adjustPan" />
41-->src\main\AndroidManifest.xml:33:13-52
42        <activity
42-->src\main\AndroidManifest.xml:34:9-37:55
43            android:name="com.cookandroid.smartmirror.activities.MessageCheckActivity"
43-->src\main\AndroidManifest.xml:35:13-60
44            android:exported="false"
44-->src\main\AndroidManifest.xml:36:13-37
45            android:windowSoftInputMode="adjustPan" />
45-->src\main\AndroidManifest.xml:37:13-52
46        <activity
46-->src\main\AndroidManifest.xml:38:9-41:55
47            android:name="com.cookandroid.smartmirror.activities.ProfileSelectActivity"
47-->src\main\AndroidManifest.xml:39:13-61
48            android:exported="false"
48-->src\main\AndroidManifest.xml:40:13-37
49            android:windowSoftInputMode="adjustPan" />
49-->src\main\AndroidManifest.xml:41:13-52
50        <activity
50-->src\main\AndroidManifest.xml:42:9-45:55
51            android:name="com.cookandroid.smartmirror.activities.ProfileSettingActivity"
51-->src\main\AndroidManifest.xml:43:13-62
52            android:exported="false"
52-->src\main\AndroidManifest.xml:44:13-37
53            android:windowSoftInputMode="adjustPan" />
53-->src\main\AndroidManifest.xml:45:13-52
54        <activity
54-->src\main\AndroidManifest.xml:46:9-58:20
55            android:name="com.cookandroid.smartmirror.activities.MainScreenActivity"
55-->src\main\AndroidManifest.xml:47:13-58
56            android:exported="true"
56-->src\main\AndroidManifest.xml:48:13-36
57            android:theme="@style/Theme.AppCompat.Light.NoActionBar"
57-->src\main\AndroidManifest.xml:49:13-69
58            android:windowSoftInputMode="adjustPan" >
58-->src\main\AndroidManifest.xml:50:13-52
59
60            <!-- <intent-filter> -->
61            <!-- <action android:name="android.intent.action.MAIN" /> -->
62
63
64            <!-- <category android:name="android.intent.category.LAUNCHER" /> -->
65            <!-- </intent-filter> -->
66        </activity>
67        <activity
67-->src\main\AndroidManifest.xml:59:9-64:20
68            android:name="com.cookandroid.smartmirror.activities.RegisterDevActivity"
68-->src\main\AndroidManifest.xml:60:13-59
69            android:exported="true"
69-->src\main\AndroidManifest.xml:61:13-36
70            android:windowSoftInputMode="adjustPan" >
70-->src\main\AndroidManifest.xml:62:13-52
71        </activity>
72
73        <provider
73-->[androidx.emoji2:emoji2:1.0.0] AndroidManifest.xml:26:9-34:20
74            android:name="androidx.startup.InitializationProvider"
74-->[androidx.emoji2:emoji2:1.0.0] AndroidManifest.xml:27:13-67
75            android:authorities="com.cookandroid.smartmirror.androidx-startup"
75-->[androidx.emoji2:emoji2:1.0.0] AndroidManifest.xml:28:13-68
76            android:exported="false" >
76-->[androidx.emoji2:emoji2:1.0.0] AndroidManifest.xml:29:13-37
77            <meta-data
77-->[androidx.emoji2:emoji2:1.0.0] AndroidManifest.xml:31:13-33:52
78                android:name="androidx.emoji2.text.EmojiCompatInitializer"
78-->[androidx.emoji2:emoji2:1.0.0] AndroidManifest.xml:32:17-75
79                android:value="androidx.startup" />
79-->[androidx.emoji2:emoji2:1.0.0] AndroidManifest.xml:33:17-49
80            <meta-data
80-->[androidx.lifecycle:lifecycle-process:2.4.0] AndroidManifest.xml:31:13-33:52
81                android:name="androidx.lifecycle.ProcessLifecycleInitializer"
81-->[androidx.lifecycle:lifecycle-process:2.4.0] AndroidManifest.xml:32:17-78
82                android:value="androidx.startup" />
82-->[androidx.lifecycle:lifecycle-process:2.4.0] AndroidManifest.xml:33:17-49
83        </provider>
84    </application>
85
86</manifest>